<?xml version="1.0" encoding="UTF-8"?>
<!-- Generated by org.testng.reporters.JUnitReportReporter -->
<testsuite hostname="Mayank-Laptop" failures="0" tests="1" name="ReqResTestProject.CreateUserTest" time="0.737" errors="0" timestamp="29 Nov 2023 08:34:13 GMT">
  <testcase classname="ReqResTestProject.CreateUserTest" name="verifyCreateUserFlow" time="0.737"/>
</testsuite> <!-- ReqResTestProject.CreateUserTest -->
